<?xml version="1.0" encoding="UTF-8"?>
<testng-results skipped="0" failed="0" total="1" passed="1">
  <reporter-output>
  </reporter-output>
  <suite name="Default suite" duration-ms="13997" started-at="2018-02-19T13:43:19Z" finished-at="2018-02-19T13:43:33Z">
    <groups>
    </groups>
    <test name="Default test" duration-ms="13997" started-at="2018-02-19T13:43:19Z" finished-at="2018-02-19T13:43:33Z">
      <class name="com.mavenTraining.OurTestNGTest">
        <test-method status="PASS" signature="testexe()[pri:0, instance:com.mavenTraining.OurTestNGTest@2ef5e5e3]" name="testexe" duration-ms="13966" started-at="2018-02-19T19:13:19Z" finished-at="2018-02-19T19:13:33Z">
          <reporter-output>
          </reporter-output>
        </test-method> <!-- testexe -->
      </class> <!-- com.mavenTraining.OurTestNGTest -->
    </test> <!-- Default test -->
  </suite> <!-- Default suite -->
</testng-results>
